<?xml version="1.0" encoding="UTF-8"?>
<!-- Generated by org.testng.reporters.JUnitXMLReporter -->
<testsuite hostname="User" ignored="1" name="Test" tests="18" failures="2" timestamp="22 Aug 2019 10:26:03 GMT" time="0.152" errors="0">
  <testcase name="LaptopLoginBikeLoan" time="0.018" classname="testNG.Day3"/>
  <testcase name="MobileLoginCarloan" time="0.002" classname="testNG.Day3"/>
  <testcase name="WebLoginCarloan" time="0.0" classname="testNG.Day3">
    <failure type="org.testng.TestNGException" message="
Parameter &amp;apos;username&amp;apos; is required by @Test on method WebLoginCarloan but has not been marked @Optional or defined
in E:\Selenium Scripts jan-2019\TestNGTutorial\testng.xml">
      <![CDATA[org.testng.TestNGException: 
Parameter 'username' is required by @Test on method WebLoginCarloan but has not been marked @Optional or defined
in E:\Selenium Scripts jan-2019\TestNGTutorial\testng.xml
... Removed 24 stack frames]]>
    </failure>
  </testcase> <!-- WebLoginCarloan -->
  <testcase name="APIloginCarloan" time="0.002" classname="testNG.Day3"/>
  <testcase name="Homeloan" time="0.002" classname="testNG.Day4"/>
  <testcase name="MobileLoginHomeloan" time="0.008" classname="testNG.Day4"/>
  <testcase name="WebLoginHomeloan" time="0.002" classname="testNG.Day4"/>
  <testcase name="APIloginCarloan" time="0.002" classname="testNG.Day5"/>
  <testcase name="APIloginCarloan" time="0.003" classname="testNG.Day5"/>
  <testcase name="APIloginCarloan" time="0.001" classname="testNG.Day5"/>
  <testcase name="MobileLoginCarloans" time="0.002" classname="testNG.Day5"/>
  <testcase name="WebLoginCarloan" time="0.0" classname="testNG.Day5">
    <failure type="org.testng.TestNGException" message="
Parameter &amp;apos;username&amp;apos; is required by @Test on method WebLoginCarloan but has not been marked @Optional or defined
in E:\Selenium Scripts jan-2019\TestNGTutorial\testng.xml">
      <![CDATA[org.testng.TestNGException: 
Parameter 'username' is required by @Test on method WebLoginCarloan but has not been marked @Optional or defined
in E:\Selenium Scripts jan-2019\TestNGTutorial\testng.xml
... Removed 24 stack frames]]>
    </failure>
  </testcase> <!-- WebLoginCarloan -->
  <testcase name="firsttest" time="0.006" classname="testNG.Day1"/>
  <testcase name="secondtest" time="0.004" classname="testNG.Day1"/>
  <testcase name="thirdtest" time="0.004" classname="testNG.Day1"/>
  <testcase name="fourthtest" time="0.002" classname="testNG.Day2"/>
  <testcase name="testCaseOne" time="0.002" classname="testNG.TestParallelOne"/>
  <testcase name="testCaseTwo" time="0.001" classname="testNG.TestParallelOne"/>
  <testcase name="APIloginHomeloan" time="0.0" classname="testNG.Day4">
    <ignored/>
  </testcase> <!-- APIloginHomeloan -->
</testsuite> <!-- Test -->
