<?xml version="1.0" encoding="UTF-8"?>
<!-- Generated by org.testng.reporters.JUnitXMLReporter -->
<testsuite hostname="User" ignored="1" name="Car Loan" tests="3" failures="1" timestamp="22 Aug 2019 10:27:14 GMT" time="0.02" errors="0">
  <testcase name="LaptopLoginBikeLoan" time="0.002" classname="testNG.Day3"/>
  <testcase name="WebLoginCarloan" time="0.0" classname="testNG.Day3">
    <failure type="org.testng.TestNGException" message="
Parameter &amp;apos;URL&amp;apos; is required by @Test on method WebLoginCarloan but has not been marked @Optional or defined
in E:\Selenium Scripts jan-2019\TestNGTutorial\testng7.xml">
      <![CDATA[org.testng.TestNGException: 
Parameter 'URL' is required by @Test on method WebLoginCarloan but has not been marked @Optional or defined
in E:\Selenium Scripts jan-2019\TestNGTutorial\testng7.xml
... Removed 24 stack frames]]>
    </failure>
  </testcase> <!-- WebLoginCarloan -->
  <testcase name="APIloginCarloan" time="0.004" classname="testNG.Day3"/>
  <testcase name="MobileLoginCarloan" time="0.0" classname="testNG.Day3">
    <ignored/>
  </testcase> <!-- MobileLoginCarloan -->
</testsuite> <!-- Car Loan -->
