<?xml version="1.0" encoding="UTF-8"?>
<!-- Generated by org.testng.reporters.JUnitXMLReporter -->
<testsuite hostname="User" ignored="1" name="Home Loan" tests="3" failures="1" timestamp="22 Aug 2019 10:27:14 GMT" time="0.021" errors="0">
  <testcase name="Homeloan" time="0.002" classname="testNG.Day4"/>
  <testcase name="MobileLoginHomeloan" time="0.009" classname="testNG.Day4"/>
  <testcase name="WebLoginHomeloan" time="0.0" classname="testNG.Day4">
    <failure type="org.testng.TestNGException" message="
Parameter &amp;apos;URL&amp;apos; is required by @Test on method WebLoginHomeloan but has not been marked @Optional or defined
in E:\Selenium Scripts jan-2019\TestNGTutorial\testng7.xml">
      <![CDATA[org.testng.TestNGException: 
Parameter 'URL' is required by @Test on method WebLoginHomeloan but has not been marked @Optional or defined
in E:\Selenium Scripts jan-2019\TestNGTutorial\testng7.xml
... Removed 24 stack frames]]>
    </failure>
  </testcase> <!-- WebLoginHomeloan -->
  <testcase name="APIloginHomeloan" time="0.0" classname="testNG.Day4">
    <ignored/>
  </testcase> <!-- APIloginHomeloan -->
</testsuite> <!-- Home Loan -->
